{"/Users/ravikumarr/Documents/Dev/AI ⚡️/MCP/agent-rag-mcp/rag/normal-rag.js": {"path":"/Users/ravikumarr/Documents/Dev/AI ⚡️/MCP/agent-rag-mcp/rag/normal-rag.js","statementMap":{"0":{"start":{"line":11,"column":15},"end":{"line":14,"column":1}},"1":{"start":{"line":15,"column":13},"end":{"line":15,"column":32}},"2":{"start":{"line":16,"column":0},"end":{"line":16,"column":null}},"3":{"start":{"line":19,"column":17},"end":{"line":22,"column":2}},"4":{"start":{"line":23,"column":15},"end":{"line":23,"column":50}},"5":{"start":{"line":24,"column":0},"end":{"line":24,"column":null}},"6":{"start":{"line":29,"column":19},"end":{"line":32,"column":2}},"7":{"start":{"line":33,"column":20},"end":{"line":33,"column":77}},"8":{"start":{"line":34,"column":0},"end":{"line":34,"column":null}},"9":{"start":{"line":38,"column":16},"end":{"line":54,"column":1}},"10":{"start":{"line":40,"column":24},"end":{"line":40,"column":68}},"11":{"start":{"line":41,"column":8},"end":{"line":43,"column":null}},"12":{"start":{"line":42,"column":26},"end":{"line":42,"column":78}},"13":{"start":{"line":57,"column":20},"end":{"line":64,"column":2}},"14":{"start":{"line":67,"column":15},"end":{"line":69,"column":2}},"15":{"start":{"line":71,"column":0},"end":{"line":71,"column":null}},"16":{"start":{"line":72,"column":0},"end":{"line":72,"column":null}}},"fnMap":{"0":{"name":"(anonymous_0)","decl":{"start":{"line":39,"column":4},"end":{"line":39,"column":9}},"loc":{"start":{"line":39,"column":25},"end":{"line":44,"column":5}},"line":39},"1":{"name":"(anonymous_1)","decl":{"start":{"line":42,"column":17},"end":{"line":42,"column":18}},"loc":{"start":{"line":42,"column":26},"end":{"line":42,"column":78}},"line":42}},"branchMap":{},"s":{"0":1,"1":1,"2":1,"3":1,"4":1,"5":1,"6":1,"7":1,"8":1,"9":1,"10":2,"11":2,"12":6,"13":1,"14":1,"15":1,"16":1},"f":{"0":2,"1":6},"b":{},"meta":{"lastBranch":0,"lastFunction":2,"lastStatement":17,"seen":{"s:11:15:14:1":0,"s:15:13:15:32":1,"s:16:0:16:Infinity":2,"s:19:17:22:2":3,"s:23:15:23:50":4,"s:24:0:24:Infinity":5,"s:29:19:32:2":6,"s:33:20:33:77":7,"s:34:0:34:Infinity":8,"s:38:16:54:1":9,"f:39:4:39:9":0,"s:40:24:40:68":10,"s:41:8:43:Infinity":11,"f:42:17:42:18":1,"s:42:26:42:78":12,"s:57:20:64:2":13,"s:67:15:69:2":14,"s:71:0:71:Infinity":15,"s:72:0:72:Infinity":16},"fnNames":{}}}
,"/Users/ravikumarr/Documents/Dev/AI ⚡️/MCP/agent-rag-mcp/ways-to-create-agent/src-testing/agent.js": {"path":"/Users/ravikumarr/Documents/Dev/AI ⚡️/MCP/agent-rag-mcp/ways-to-create-agent/src-testing/agent.js","statementMap":{"0":{"start":{"line":5,"column":20},"end":{"line":11,"column":2}}},"fnMap":{},"branchMap":{},"s":{"0":2},"f":{},"b":{},"meta":{"lastBranch":0,"lastFunction":0,"lastStatement":1,"seen":{"s:5:20:11:2":0},"fnNames":{}}}
,"/Users/ravikumarr/Documents/Dev/AI ⚡️/MCP/agent-rag-mcp/ways-to-create-agent/src-testing/tools.js": {"path":"/Users/ravikumarr/Documents/Dev/AI ⚡️/MCP/agent-rag-mcp/ways-to-create-agent/src-testing/tools.js","statementMap":{"0":{"start":{"line":4,"column":25},"end":{"line":13,"column":1}},"1":{"start":{"line":5,"column":18},"end":{"line":5,"column":49}},"2":{"start":{"line":15,"column":26},"end":{"line":26,"column":1}},"3":{"start":{"line":17,"column":8},"end":{"line":17,"column":67}}},"fnMap":{"0":{"name":"(anonymous_0)","decl":{"start":{"line":5,"column":4},"end":{"line":5,"column":5}},"loc":{"start":{"line":5,"column":18},"end":{"line":5,"column":49}},"line":5},"1":{"name":"(anonymous_1)","decl":{"start":{"line":16,"column":4},"end":{"line":16,"column":5}},"loc":{"start":{"line":17,"column":8},"end":{"line":17,"column":67}},"line":17}},"branchMap":{},"s":{"0":6,"1":1,"2":6,"3":3},"f":{"0":1,"1":3},"b":{},"meta":{"lastBranch":0,"lastFunction":2,"lastStatement":4,"seen":{"s:4:25:13:1":0,"f:5:4:5:5":0,"s:5:18:5:49":1,"s:15:26:26:1":2,"f:16:4:16:5":1,"s:17:8:17:67":3},"fnNames":{}}}
}
